<?xml version="1.0" encoding="UTF-8"?>
<!-- Generated by org.testng.reporters.JUnitXMLReporter -->
<testsuite ignored="0" hostname="ATISL225" failures="1" tests="10" name="CompatibilityTestingOnChrome" time="61.386" errors="0" timestamp="2023-07-27T12:42:47 IST">
  <testcase classname="com.E_POC2.TestCases.PowerBIDashBoardTest1" name="loginAndDropDownSelection" time="2.032"/>
  <testcase classname="com.E_POC2.TestCases.PowerBIDashBoardTest1" name="monthPerformance" time="2.862"/>
  <testcase classname="com.E_POC2.TestCases.PowerBIDashBoardTest1" name="lowAttendancePerformance" time="1.055"/>
  <testcase classname="com.E_POC2.TestCases.PowerBIDashBoardTest1" name="GirdPerformance" time="5.388"/>
  <testcase classname="com.E_POC2.TestCases.PowerBIDashBoardTest1" name="characteristicPerformance" time="3.794"/>
  <testcase classname="com.E_POC2.TestCases.PowerBIDashBoardTest1" name="Marks_Obtained" time="3.721"/>
  <testcase classname="com.E_POC2.TestCases.PowerBIDashBoardTest1" name="total_Marks" time="5.096"/>
  <testcase classname="com.E_POC2.TestCases.PowerBIDashBoardTest1" name="marks_Percentage" time="3.552"/>
  <testcase classname="com.E_POC2.TestCases.PowerBIDashBoardTest1" name="attendance_Percentage" time="3.711"/>
  <testcase classname="com.E_POC2.TestCases.PowerBIDashBoardTest1" name="Group_Marking" time="3.446">
    <failure type="java.lang.AssertionError" message="Maps do not match for key:Group_student actual:I expected:A">
      <![CDATA[java.lang.AssertionError: Maps do not match for key:Group_student actual:I expected:A
at com.E_POC2.TestCases.PowerBIDashBoardTest1.Group_Marking(PowerBIDashBoardTest1.java:491)
at java.base/java.util.ArrayList.forEach(ArrayList.java:1511)
... Removed 30 stack frames]]>
    </failure>
  </testcase> <!-- Group_Marking -->
</testsuite> <!-- CompatibilityTestingOnChrome -->
