<?xml version="1.0" encoding="UTF-8"?>
<testng-results ignored="0" total="10" passed="9" failed="1" skipped="0">
  <reporter-output>
  </reporter-output>
  <suite started-at="2023-07-27T12:41:40 IST" name="Suite" finished-at="2023-07-27T12:42:41 IST" duration-ms="61386">
    <groups>
    </groups>
    <test started-at="2023-07-27T12:41:40 IST" name="CompatibilityTestingOnChrome" finished-at="2023-07-27T12:42:41 IST" duration-ms="61386">
      <class name="com.E_POC2.TestCases.PowerBIDashBoardTest1">
        <test-method is-config="true" signature="setUp(java.lang.String)[pri:0, instance:com.E_POC2.TestCases.PowerBIDashBoardTest1@176b3f44]" started-at="2023-07-27T12:41:40 IST" name="setUp" finished-at="2023-07-27T12:41:54 IST" duration-ms="14456" status="PASS">
          <params>
            <param index="0">
              <value>
                <![CDATA[chrome]]>
              </value>
            </param>
          </params>
          <reporter-output>
          </reporter-output>
        </test-method> <!-- setUp -->
        <test-method signature="loginAndDropDownSelection()[pri:0, instance:com.E_POC2.TestCases.PowerBIDashBoardTest1@176b3f44]" started-at="2023-07-27T12:41:54 IST" name="loginAndDropDownSelection" finished-at="2023-07-27T12:41:56 IST" duration-ms="2032" status="PASS">
          <reporter-output>
          </reporter-output>
        </test-method> <!-- loginAndDropDownSelection -->
        <test-method signature="monthPerformance()[pri:0, instance:com.E_POC2.TestCases.PowerBIDashBoardTest1@176b3f44]" started-at="2023-07-27T12:41:56 IST" name="monthPerformance" finished-at="2023-07-27T12:41:59 IST" depends-on-methods="com.E_POC2.TestCases.PowerBIDashBoardTest1.loginAndDropDownSelection" duration-ms="2862" status="PASS">
          <reporter-output>
          </reporter-output>
        </test-method> <!-- monthPerformance -->
        <test-method signature="lowAttendancePerformance()[pri:1, instance:com.E_POC2.TestCases.PowerBIDashBoardTest1@176b3f44]" started-at="2023-07-27T12:42:00 IST" name="lowAttendancePerformance" finished-at="2023-07-27T12:42:01 IST" depends-on-methods="com.E_POC2.TestCases.PowerBIDashBoardTest1.loginAndDropDownSelection" duration-ms="1055" status="PASS">
          <reporter-output>
          </reporter-output>
        </test-method> <!-- lowAttendancePerformance -->
        <test-method signature="GirdPerformance()[pri:2, instance:com.E_POC2.TestCases.PowerBIDashBoardTest1@176b3f44]" started-at="2023-07-27T12:42:01 IST" name="GirdPerformance" finished-at="2023-07-27T12:42:07 IST" depends-on-methods="com.E_POC2.TestCases.PowerBIDashBoardTest1.loginAndDropDownSelection" duration-ms="5388" status="PASS">
          <reporter-output>
          </reporter-output>
        </test-method> <!-- GirdPerformance -->
        <test-method signature="characteristicPerformance()[pri:3, instance:com.E_POC2.TestCases.PowerBIDashBoardTest1@176b3f44]" started-at="2023-07-27T12:42:07 IST" name="characteristicPerformance" finished-at="2023-07-27T12:42:11 IST" depends-on-methods="com.E_POC2.TestCases.PowerBIDashBoardTest1.loginAndDropDownSelection" duration-ms="3794" status="PASS">
          <reporter-output>
          </reporter-output>
        </test-method> <!-- characteristicPerformance -->
        <test-method signature="Marks_Obtained()[pri:4, instance:com.E_POC2.TestCases.PowerBIDashBoardTest1@176b3f44]" started-at="2023-07-27T12:42:12 IST" name="Marks_Obtained" finished-at="2023-07-27T12:42:16 IST" depends-on-methods="com.E_POC2.TestCases.PowerBIDashBoardTest1.loginAndDropDownSelection" duration-ms="3721" status="PASS">
          <reporter-output>
          </reporter-output>
        </test-method> <!-- Marks_Obtained -->
        <test-method signature="total_Marks()[pri:5, instance:com.E_POC2.TestCases.PowerBIDashBoardTest1@176b3f44]" started-at="2023-07-27T12:42:16 IST" name="total_Marks" finished-at="2023-07-27T12:42:21 IST" depends-on-methods="com.E_POC2.TestCases.PowerBIDashBoardTest1.loginAndDropDownSelection" duration-ms="5096" status="PASS">
          <reporter-output>
          </reporter-output>
        </test-method> <!-- total_Marks -->
        <test-method signature="marks_Percentage()[pri:6, instance:com.E_POC2.TestCases.PowerBIDashBoardTest1@176b3f44]" started-at="2023-07-27T12:42:22 IST" name="marks_Percentage" finished-at="2023-07-27T12:42:26 IST" depends-on-methods="com.E_POC2.TestCases.PowerBIDashBoardTest1.loginAndDropDownSelection" duration-ms="3552" status="PASS">
          <reporter-output>
          </reporter-output>
        </test-method> <!-- marks_Percentage -->
        <test-method signature="attendance_Percentage()[pri:7, instance:com.E_POC2.TestCases.PowerBIDashBoardTest1@176b3f44]" started-at="2023-07-27T12:42:26 IST" name="attendance_Percentage" finished-at="2023-07-27T12:42:30 IST" depends-on-methods="com.E_POC2.TestCases.PowerBIDashBoardTest1.loginAndDropDownSelection" duration-ms="3711" status="PASS">
          <reporter-output>
          </reporter-output>
        </test-method> <!-- attendance_Percentage -->
        <test-method signature="Group_Marking()[pri:8, instance:com.E_POC2.TestCases.PowerBIDashBoardTest1@176b3f44]" started-at="2023-07-27T12:42:31 IST" name="Group_Marking" finished-at="2023-07-27T12:42:34 IST" depends-on-methods="com.E_POC2.TestCases.PowerBIDashBoardTest1.loginAndDropDownSelection" duration-ms="3446" status="FAIL">
          <exception class="java.lang.AssertionError">
            <message>
              <![CDATA[Maps do not match for key:Group_student actual:I expected:A]]>
            </message>
            <full-stacktrace>
              <![CDATA[java.lang.AssertionError: Maps do not match for key:Group_student actual:I expected:A
at org.testng.Assert.fail(Assert.java:110)
at org.testng.Assert.assertEquals(Assert.java:1967)
at org.testng.Assert.assertEquals(Assert.java:1925)
at com.E_POC2.TestCases.PowerBIDashBoardTest1.Group_Marking(PowerBIDashBoardTest1.java:491)
at java.base/jdk.internal.reflect.NativeMethodAccessorImpl.invoke0(Native Method)
at java.base/jdk.internal.reflect.NativeMethodAccessorImpl.invoke(NativeMethodAccessorImpl.java:77)
at java.base/jdk.internal.reflect.DelegatingMethodAccessorImpl.invoke(DelegatingMethodAccessorImpl.java:43)
at java.base/java.lang.reflect.Method.invoke(Method.java:568)
at org.testng.internal.invokers.MethodInvocationHelper.invokeMethod(MethodInvocationHelper.java:139)
at org.testng.internal.invokers.TestInvoker.invokeMethod(TestInvoker.java:677)
at org.testng.internal.invokers.TestInvoker.invokeTestMethod(TestInvoker.java:221)
at org.testng.internal.invokers.MethodRunner.runInSequence(MethodRunner.java:50)
at org.testng.internal.invokers.TestInvoker$MethodInvocationAgent.invoke(TestInvoker.java:962)
at org.testng.internal.invokers.TestInvoker.invokeTestMethods(TestInvoker.java:194)
at org.testng.internal.invokers.TestMethodWorker.invokeTestMethods(TestMethodWorker.java:148)
at org.testng.internal.invokers.TestMethodWorker.run(TestMethodWorker.java:128)
at java.base/java.util.ArrayList.forEach(ArrayList.java:1511)
at org.testng.TestRunner.privateRun(TestRunner.java:806)
at org.testng.TestRunner.run(TestRunner.java:601)
at org.testng.SuiteRunner.runTest(SuiteRunner.java:433)
at org.testng.SuiteRunner.runSequentially(SuiteRunner.java:427)
at org.testng.SuiteRunner.privateRun(SuiteRunner.java:387)
at org.testng.SuiteRunner.run(SuiteRunner.java:330)
at org.testng.SuiteRunnerWorker.runSuite(SuiteRunnerWorker.java:52)
at org.testng.SuiteRunnerWorker.run(SuiteRunnerWorker.java:95)
at org.testng.TestNG.runSuitesSequentially(TestNG.java:1256)
at org.testng.TestNG.runSuitesLocally(TestNG.java:1176)
at org.testng.TestNG.runSuites(TestNG.java:1099)
at org.testng.TestNG.run(TestNG.java:1067)
at org.testng.remote.AbstractRemoteTestNG.run(AbstractRemoteTestNG.java:115)
at org.testng.remote.RemoteTestNG.initAndRun(RemoteTestNG.java:251)
at org.testng.remote.RemoteTestNG.main(RemoteTestNG.java:77)
]]>
            </full-stacktrace>
          </exception> <!-- java.lang.AssertionError -->
          <reporter-output>
          </reporter-output>
        </test-method> <!-- Group_Marking -->
      </class> <!-- com.E_POC2.TestCases.PowerBIDashBoardTest1 -->
    </test> <!-- CompatibilityTestingOnChrome -->
  </suite> <!-- Suite -->
</testng-results>
