<?xml version="1.0" encoding="UTF-8"?>
<!-- Generated by org.testng.reporters.JUnitReportReporter -->
<testsuite hostname="ATISL225" failures="1" tests="10" name="com.E_POC2.TestCases.PowerBIDashBoardTest1" time="34.657" errors="0" timestamp="2023-07-27T12:42:47 IST" skipped="0">
  <testcase classname="com.E_POC2.TestCases.PowerBIDashBoardTest1" name="loginAndDropDownSelection" time="2.032"/>
  <system-out/>
  <testcase classname="com.E_POC2.TestCases.PowerBIDashBoardTest1" name="monthPerformance" time="2.862"/>
  <system-out/>
  <testcase classname="com.E_POC2.TestCases.PowerBIDashBoardTest1" name="lowAttendancePerformance" time="1.055"/>
  <system-out/>
  <testcase classname="com.E_POC2.TestCases.PowerBIDashBoardTest1" name="GirdPerformance" time="5.388"/>
  <system-out/>
  <testcase classname="com.E_POC2.TestCases.PowerBIDashBoardTest1" name="characteristicPerformance" time="3.794"/>
  <system-out/>
  <testcase classname="com.E_POC2.TestCases.PowerBIDashBoardTest1" name="Marks_Obtained" time="3.721"/>
  <system-out/>
  <testcase classname="com.E_POC2.TestCases.PowerBIDashBoardTest1" name="total_Marks" time="5.096"/>
  <system-out/>
  <testcase classname="com.E_POC2.TestCases.PowerBIDashBoardTest1" name="marks_Percentage" time="3.552"/>
  <system-out/>
  <testcase classname="com.E_POC2.TestCases.PowerBIDashBoardTest1" name="attendance_Percentage" time="3.711"/>
  <system-out/>
  <testcase classname="com.E_POC2.TestCases.PowerBIDashBoardTest1" name="Group_Marking" time="3.446">
    <failure message="Maps do not match for key:Group_student actual:I expected:A" type="java.lang.AssertionError">
      <![CDATA[java.lang.AssertionError: Maps do not match for key:Group_student actual:I expected:A
at org.testng.Assert.fail(Assert.java:110)
at org.testng.Assert.assertEquals(Assert.java:1967)
at org.testng.Assert.assertEquals(Assert.java:1925)
at com.E_POC2.TestCases.PowerBIDashBoardTest1.Group_Marking(PowerBIDashBoardTest1.java:491)
at java.base/jdk.internal.reflect.NativeMethodAccessorImpl.invoke0(Native Method)
at java.base/jdk.internal.reflect.NativeMethodAccessorImpl.invoke(NativeMethodAccessorImpl.java:77)
at java.base/jdk.internal.reflect.DelegatingMethodAccessorImpl.invoke(DelegatingMethodAccessorImpl.java:43)
at java.base/java.lang.reflect.Method.invoke(Method.java:568)
at org.testng.internal.invokers.MethodInvocationHelper.invokeMethod(MethodInvocationHelper.java:139)
at org.testng.internal.invokers.TestInvoker.invokeMethod(TestInvoker.java:677)
at org.testng.internal.invokers.TestInvoker.invokeTestMethod(TestInvoker.java:221)
at org.testng.internal.invokers.MethodRunner.runInSequence(MethodRunner.java:50)
at org.testng.internal.invokers.TestInvoker$MethodInvocationAgent.invoke(TestInvoker.java:962)
at org.testng.internal.invokers.TestInvoker.invokeTestMethods(TestInvoker.java:194)
at org.testng.internal.invokers.TestMethodWorker.invokeTestMethods(TestMethodWorker.java:148)
at org.testng.internal.invokers.TestMethodWorker.run(TestMethodWorker.java:128)
at java.base/java.util.ArrayList.forEach(ArrayList.java:1511)
at org.testng.TestRunner.privateRun(TestRunner.java:806)
at org.testng.TestRunner.run(TestRunner.java:601)
at org.testng.SuiteRunner.runTest(SuiteRunner.java:433)
at org.testng.SuiteRunner.runSequentially(SuiteRunner.java:427)
at org.testng.SuiteRunner.privateRun(SuiteRunner.java:387)
at org.testng.SuiteRunner.run(SuiteRunner.java:330)
at org.testng.SuiteRunnerWorker.runSuite(SuiteRunnerWorker.java:52)
at org.testng.SuiteRunnerWorker.run(SuiteRunnerWorker.java:95)
at org.testng.TestNG.runSuitesSequentially(TestNG.java:1256)
at org.testng.TestNG.runSuitesLocally(TestNG.java:1176)
at org.testng.TestNG.runSuites(TestNG.java:1099)
at org.testng.TestNG.run(TestNG.java:1067)
at org.testng.remote.AbstractRemoteTestNG.run(AbstractRemoteTestNG.java:115)
at org.testng.remote.RemoteTestNG.initAndRun(RemoteTestNG.java:251)
at org.testng.remote.RemoteTestNG.main(RemoteTestNG.java:77)
]]>
    </failure>
  </testcase> <!-- Group_Marking -->
  <system-out/>
</testsuite> <!-- com.E_POC2.TestCases.PowerBIDashBoardTest1 -->
